WARNING :: PrepNetworkForNextcycle :: Ignoring Clean Up of Stale voltage Clean Up!!!
WARNING :: PrepNetworkForNextcycle :: Ignoring Clean Up of Stale voltage Clean Up!!!
WARNING :: PrepNetworkForNextcycle :: Ignoring Clean Up of Stale voltage Clean Up!!!
 EVENT :: FULL ERROR CASE :: Wire CASE 4 just Occured Count : 1
 EVENT :: FULL ERROR CASE :: Wire CASE 4 just Occured Count : 1
 EVENT :: FULL ERROR CASE :: Wire CASE 4 just Occured Count : 2
 EVENT :: FULL ERROR CASE :: Wire CASE 4 just Occured Count : 3
 EVENT :: FULL ERROR CASE :: Wire CASE 4 just Occured Count : 4
 EVENT :: FULL ERROR CASE :: Wire CASE 4 just Occured Count : 5
 EVENT :: FULL ERROR CASE :: Wire CASE 4 just Occured Count : 6
 EVENT :: FULL ERROR CASE :: Wire CASE 4 just Occured Count : 7
 EVENT :: FULL ERROR CASE :: Wire CASE 4 just Occured Count : 8
 EVENT :: FULL ERROR CASE :: Wire CASE 4 just Occured Count : 9
 EVENT :: FULL ERROR CASE :: Wire CASE 4 just Occured Count : 10
 EVENT :: FULL ERROR CASE :: Wire CASE 4 just Occured Count : 11
 EVENT :: FULL ERROR CASE :: Wire CASE 4 just Occured Count : 12
 EVENT :: FULL ERROR CASE :: Wire CASE 4 just Occured Count : 13
 EVENT :: FULL ERROR CASE :: Wire CASE 4 just Occured Count : 14
 EVENT :: FULL ERROR CASE :: Wire CASE 4 just Occured Count : 15
 EVENT :: FULL ERROR CASE :: Wire CASE 4 just Occured Count : 16
 EVENT :: FULL ERROR CASE :: Wire CASE 4 just Occured Count : 17
 EVENT :: FULL ERROR CASE :: Wire CASE 4 just Occured Count : 18
 EVENT :: FULL ERROR CASE :: Wire CASE 4 just Occured Count : 19
 EVENT :: FULL ERROR CASE :: Wire CASE 4 just Occured Count : 20
 EVENT :: FULL ERROR CASE :: Wire CASE 4 just Occured Count : 21
 EVENT :: FULL ERROR CASE :: Wire CASE 4 just Occured Count : 22
 EVENT :: FULL ERROR CASE :: Wire CASE 4 just Occured Count : 23
 EVENT :: FULL ERROR CASE :: Wire CASE 4 just Occured Count : 24
 EVENT :: FULL ERROR CASE :: Wire CASE 4 just Occured Count : 25
 EVENT :: FULL ERROR CASE :: Wire CASE 4 just Occured Count : 26
 EVENT :: FULL ERROR CASE :: Wire CASE 4 just Occured Count : 27
 EVENT :: FULL ERROR CASE :: Wire CASE 4 just Occured Count : 1
 EVENT :: FULL ERROR CASE :: Wire CASE 4 just Occured Count : 2
WARNING :: PrepNetworkForNextcycle :: Ignoring Clean Up of Stale voltage Clean Up!!!
WARNING :: PrepNetworkForNextcycle :: Ignoring Clean Up of Stale voltage Clean Up!!!
 EVENT :: FULL ERROR CASE :: Wire CASE 4 just Occured Count : 1
 EVENT :: FULL ERROR CASE :: Wire CASE 4 just Occured Count : 1
 EVENT :: FULL ERROR CASE :: Wire CASE 4 just Occured Count : 1
 EVENT :: FULL ERROR CASE :: Wire CASE 4 just Occured Count : 1
WARNING :: PrepNetworkForNextcycle :: Ignoring Clean Up of Stale voltage Clean Up!!!
WARNING :: PrepNetworkForNextcycle :: Ignoring Clean Up of Stale voltage Clean Up!!!
WARNING :: Total Number of Predicted Neurons should not exceed more than 10% of Network size  BBM ID : 1 Layer Type : Layer_4
WARNING :: PrepNetworkForNextcycle :: Ignoring Clean Up of Stale voltage Clean Up!!!
WARNING :: Total Number of Predicted Neurons should not exceed more than 10% of Network size  BBM ID : 1 Layer Type : Layer_4
WARNING :: PrepNetworkForNextcycle :: Ignoring Clean Up of Stale voltage Clean Up!!!
 EVENT :: PARTIAL ERROR CASE : Wire CASE 3 just Occured Count : 1
WARNING :: PrepNetworkForNextcycle :: Ignoring Clean Up of Stale voltage Clean Up!!!
WARNING :: Total Number of Predicted Neurons should not exceed more than 10% of Network size  BBM ID : 1 Layer Type : Layer_4
WARNING :: PrepNetworkForNextcycle :: Ignoring Clean Up of Stale voltage Clean Up!!!
 EVENT :: PARTIAL ERROR CASE : Wire CASE 3 just Occured Count : 1
WARNING :: PrepNetworkForNextcycle :: Ignoring Clean Up of Stale voltage Clean Up!!!
ERROR :: Fire() :::: Trying to Add Temporal Pattern to a Valid cache Item!   BBM ID : 1 Layer Type : Layer_4
WARNING :: PrepNetworkForNextcycle :: Ignoring Clean Up of Stale voltage Clean Up!!!
WARNING :: PrepNetworkForNextcycle :: Ignoring Clean Up of Stale voltage Clean Up!!!
WARNING :: PrepNetworkForNextcycle :: Ignoring Clean Up of Stale voltage Clean Up!!!
ERROR :: Fire() :::: Trying to Add Temporal Pattern to a Valid cache Item!   BBM ID : 1 Layer Type : Layer_4
WARNING :: PrepNetworkForNextcycle :: Ignoring Clean Up of Stale voltage Clean Up!!!
ERROR :: Fire() :::: Trying to Add Apical Pattern to a Valid cache Item!  BBM ID : 1 Layer Type : Layer_4
WARNING :: PrepNetworkForNextcycle :: Ignoring Clean Up of Stale voltage Clean Up!!!
WARNING :: PrepNetworkForNextcycle :: Ignoring Clean Up of Stale voltage Clean Up!!!
WARNING :: PrepNetworkForNextcycle :: Ignoring Clean Up of Stale voltage Clean Up!!!
WARNING :: PrepNetworkForNextcycle :: Ignoring Clean Up of Stale voltage Clean Up!!!
WARNING :: PrepNetworkForNextcycle :: Ignoring Clean Up of Stale voltage Clean Up!!!
WARNING :: Total Number of Predicted Neurons should not exceed more than 10% of Network size  BBM ID : 1 Layer Type : Layer_4
WARNING :: PrepNetworkForNextcycle :: Ignoring Clean Up of Stale voltage Clean Up!!!
WARNING :: Total Number of Predicted Neurons should not exceed more than 10% of Network size  BBM ID : 1 Layer Type : Layer_4
WARNING :: PrepNetworkForNextcycle :: Ignoring Clean Up of Stale voltage Clean Up!!!
WARNING :: Total Number of Predicted Neurons should not exceed more than 10% of Network size  BBM ID : 1 Layer Type : Layer_4
WARNING :: PrepNetworkForNextcycle :: Ignoring Clean Up of Stale voltage Clean Up!!!
WARNING :: Total Number of Predicted Neurons should not exceed more than 10% of Network size  BBM ID : 1 Layer Type : Layer_4
WARNING :: PrepNetworkForNextcycle :: Ignoring Clean Up of Stale voltage Clean Up!!!
WARNING :: Total Number of Predicted Neurons should not exceed more than 10% of Network size  BBM ID : 1 Layer Type : Layer_4
 EVENT :: FULL ERROR CASE :: Wire CASE 4 just Occured Count : 1
 EVENT :: FULL ERROR CASE :: Wire CASE 4 just Occured Count : 2
 EVENT :: FULL ERROR CASE :: Wire CASE 4 just Occured Count : 1
 EVENT :: FULL ERROR CASE :: Wire CASE 4 just Occured Count : 1
 EVENT :: FULL ERROR CASE :: Wire CASE 4 just Occured Count : 2
 EVENT :: FULL ERROR CASE :: Wire CASE 4 just Occured Count : 1
WARNING :: PrepNetworkForNextcycle :: Ignoring Clean Up of Stale voltage Clean Up!!!
WARNING :: PrepNetworkForNextcycle :: Ignoring Clean Up of Stale voltage Clean Up!!!
WARNING :: PrepNetworkForNextcycle :: Ignoring Clean Up of Stale voltage Clean Up!!!
 EVENT :: FULL ERROR CASE :: Wire CASE 4 just Occured Count : 1
 EVENT :: FULL ERROR CASE :: Wire CASE 4 just Occured Count : 1
 EVENT :: FULL ERROR CASE :: Wire CASE 4 just Occured Count : 2
 EVENT :: FULL ERROR CASE :: Wire CASE 4 just Occured Count : 3
 EVENT :: FULL ERROR CASE :: Wire CASE 4 just Occured Count : 4
 EVENT :: FULL ERROR CASE :: Wire CASE 4 just Occured Count : 5
 EVENT :: FULL ERROR CASE :: Wire CASE 4 just Occured Count : 6
 EVENT :: FULL ERROR CASE :: Wire CASE 4 just Occured Count : 7
 EVENT :: FULL ERROR CASE :: Wire CASE 4 just Occured Count : 8
 EVENT :: FULL ERROR CASE :: Wire CASE 4 just Occured Count : 9
 EVENT :: FULL ERROR CASE :: Wire CASE 4 just Occured Count : 10
 EVENT :: FULL ERROR CASE :: Wire CASE 4 just Occured Count : 11
 EVENT :: FULL ERROR CASE :: Wire CASE 4 just Occured Count : 12
 EVENT :: FULL ERROR CASE :: Wire CASE 4 just Occured Count : 13
 EVENT :: FULL ERROR CASE :: Wire CASE 4 just Occured Count : 14
 EVENT :: FULL ERROR CASE :: Wire CASE 4 just Occured Count : 15
 EVENT :: FULL ERROR CASE :: Wire CASE 4 just Occured Count : 16
 EVENT :: FULL ERROR CASE :: Wire CASE 4 just Occured Count : 17
 EVENT :: FULL ERROR CASE :: Wire CASE 4 just Occured Count : 18
 EVENT :: FULL ERROR CASE :: Wire CASE 4 just Occured Count : 19
 EVENT :: FULL ERROR CASE :: Wire CASE 4 just Occured Count : 20
 EVENT :: FULL ERROR CASE :: Wire CASE 4 just Occured Count : 21
 EVENT :: FULL ERROR CASE :: Wire CASE 4 just Occured Count : 22
 EVENT :: FULL ERROR CASE :: Wire CASE 4 just Occured Count : 23
 EVENT :: FULL ERROR CASE :: Wire CASE 4 just Occured Count : 24
 EVENT :: FULL ERROR CASE :: Wire CASE 4 just Occured Count : 25
 EVENT :: FULL ERROR CASE :: Wire CASE 4 just Occured Count : 26
 EVENT :: FULL ERROR CASE :: Wire CASE 4 just Occured Count : 27
 EVENT :: FULL ERROR CASE :: Wire CASE 4 just Occured Count : 1
 EVENT :: FULL ERROR CASE :: Wire CASE 4 just Occured Count : 2
WARNING :: PrepNetworkForNextcycle :: Ignoring Clean Up of Stale voltage Clean Up!!!
WARNING :: PrepNetworkForNextcycle :: Ignoring Clean Up of Stale voltage Clean Up!!!
 EVENT :: FULL ERROR CASE :: Wire CASE 4 just Occured Count : 1
 EVENT :: FULL ERROR CASE :: Wire CASE 4 just Occured Count : 1
 EVENT :: FULL ERROR CASE :: Wire CASE 4 just Occured Count : 1
 EVENT :: FULL ERROR CASE :: Wire CASE 4 just Occured Count : 1
WARNING :: PrepNetworkForNextcycle :: Ignoring Clean Up of Stale voltage Clean Up!!!
WARNING :: PrepNetworkForNextcycle :: Ignoring Clean Up of Stale voltage Clean Up!!!
WARNING :: Total Number of Predicted Neurons should not exceed more than 10% of Network size  BBM ID : 1 Layer Type : Layer_4
WARNING :: PrepNetworkForNextcycle :: Ignoring Clean Up of Stale voltage Clean Up!!!
WARNING :: Total Number of Predicted Neurons should not exceed more than 10% of Network size  BBM ID : 1 Layer Type : Layer_4
WARNING :: PrepNetworkForNextcycle :: Ignoring Clean Up of Stale voltage Clean Up!!!
 EVENT :: PARTIAL ERROR CASE : Wire CASE 3 just Occured Count : 1
WARNING :: PrepNetworkForNextcycle :: Ignoring Clean Up of Stale voltage Clean Up!!!
WARNING :: Total Number of Predicted Neurons should not exceed more than 10% of Network size  BBM ID : 1 Layer Type : Layer_4
WARNING :: PrepNetworkForNextcycle :: Ignoring Clean Up of Stale voltage Clean Up!!!
 EVENT :: PARTIAL ERROR CASE : Wire CASE 3 just Occured Count : 1
WARNING :: PrepNetworkForNextcycle :: Ignoring Clean Up of Stale voltage Clean Up!!!
ERROR :: Fire() :::: Trying to Add Temporal Pattern to a Valid cache Item!   BBM ID : 1 Layer Type : Layer_4
WARNING :: PrepNetworkForNextcycle :: Ignoring Clean Up of Stale voltage Clean Up!!!
WARNING :: PrepNetworkForNextcycle :: Ignoring Clean Up of Stale voltage Clean Up!!!
WARNING :: PrepNetworkForNextcycle :: Ignoring Clean Up of Stale voltage Clean Up!!!
ERROR :: Fire() :::: Trying to Add Temporal Pattern to a Valid cache Item!   BBM ID : 1 Layer Type : Layer_4
WARNING :: PrepNetworkForNextcycle :: Ignoring Clean Up of Stale voltage Clean Up!!!
ERROR :: Fire() :::: Trying to Add Apical Pattern to a Valid cache Item!  BBM ID : 1 Layer Type : Layer_4
WARNING :: PrepNetworkForNextcycle :: Ignoring Clean Up of Stale voltage Clean Up!!!
WARNING :: PrepNetworkForNextcycle :: Ignoring Clean Up of Stale voltage Clean Up!!!
WARNING :: PrepNetworkForNextcycle :: Ignoring Clean Up of Stale voltage Clean Up!!!
WARNING :: PrepNetworkForNextcycle :: Ignoring Clean Up of Stale voltage Clean Up!!!
WARNING :: PrepNetworkForNextcycle :: Ignoring Clean Up of Stale voltage Clean Up!!!
WARNING :: Total Number of Predicted Neurons should not exceed more than 10% of Network size  BBM ID : 1 Layer Type : Layer_4
WARNING :: PrepNetworkForNextcycle :: Ignoring Clean Up of Stale voltage Clean Up!!!
WARNING :: Total Number of Predicted Neurons should not exceed more than 10% of Network size  BBM ID : 1 Layer Type : Layer_4
WARNING :: PrepNetworkForNextcycle :: Ignoring Clean Up of Stale voltage Clean Up!!!
WARNING :: Total Number of Predicted Neurons should not exceed more than 10% of Network size  BBM ID : 1 Layer Type : Layer_4
